<?xml version="1.0" encoding="UTF-8" ?>
<testsuite>
  <testcase time="5.001" classname="FullTest" name="should_test_full_1"/>
</testsuite>