<?xml version="1.0" encoding="UTF-8" ?>
<testsuite>
  <testcase time="10.010" classname="PlainTest" name="should_test_plain_1"/>
  <testcase time="1.001" classname="PlainTest" name="should_test_plain_2"/>
</testsuite>