<?xml version="1.0" encoding="UTF-8" ?>
<testsuite>
  <testcase time="0.014" classname="PlainTest" name="should_test_plain_1"/>
  <testcase time="1.980" classname="PlainTest" name="should_test_plain2"/>
  <testcase time="0.345" classname="PlainTest" name="should_test_plain3"/>
  <testcase time="12.917" classname="PlainTest" name="should_test_plain4"/>
  <testcase time="0.321" classname="PlainTest" name="should_test_plain5"/>
  <testcase time="7.108" classname="PlainTest" name="should_test_plain6"/>
  <testcase time="0.984" classname="PlainTest" name="should_test_plain7"/>
</testsuite>