<?xml version="1.0" encoding="UTF-8" ?>
<testsuite>
  <testcase time="1.010" classname="fr.ITTest" name="should_test_it_1"/>
</testsuite>